<?xml version="1.0" encoding="UTF-8"?>
<!-- Generated by org.testng.reporters.JUnitReportReporter -->
<testsuite hostname="LAPTOP-9DL50HOK" failures="0" tests="1" name="com.DBtestRunner.qa.DBtestRunnerClass" time="4.051" errors="0" timestamp="2022-11-10T21:07:39 CST" skipped="0">
  <testcase classname="com.DBtestRunner.qa.DBtestRunnerClass" name="feature" time="4.051"/>
  <system-out/>
</testsuite> <!-- com.DBtestRunner.qa.DBtestRunnerClass -->
