<?xml version="1.0" encoding="UTF-8"?>
<!-- Generated by org.testng.reporters.JUnitReportReporter -->
<testsuite hostname="LAPTOP-9DL50HOK" failures="0" tests="1" name="com.TestRunnerDB.qa.TestRunnerClassDB" time="12.134" errors="0" timestamp="2022-11-15T19:54:26 CST" skipped="0">
  <testcase classname="com.TestRunnerDB.qa.TestRunnerClassDB" name="feature" time="12.134"/>
  <system-out/>
</testsuite> <!-- com.TestRunnerDB.qa.TestRunnerClassDB -->
